<?xml version="1.0" encoding="UTF-8"?>
<testsuite name="com.example.server.domain.service.MailServiceTest" tests="1" skipped="0" failures="0" errors="0" timestamp="2023-01-06T04:31:55" hostname="PN-202204179-01" time="4.088">
  <properties/>
  <testcase name="mail 전송 테스트" classname="com.example.server.domain.service.MailServiceTest" time="4.088"/>
  <system-out><![CDATA[13:31:49.600 [Test worker] DEBUG org.springframework.test.context.BootstrapUtils - Instantiating CacheAwareContextLoaderDelegate from class [org.springframework.test.context.cache.DefaultCacheAwareContextLoaderDelegate]
13:31:49.612 [Test worker] DEBUG org.springframework.test.context.BootstrapUtils - Instantiating BootstrapContext using constructor [public org.springframework.test.context.support.DefaultBootstrapContext(java.lang.Class,org.springframework.test.context.CacheAwareContextLoaderDelegate)]
13:31:49.654 [Test worker] DEBUG org.springframework.test.context.BootstrapUtils - Instantiating TestContextBootstrapper for test class [com.example.server.domain.service.MailServiceTest] from class [org.springframework.boot.test.context.SpringBootTestContextBootstrapper]
13:31:49.667 [Test worker] INFO org.springframework.boot.test.context.SpringBootTestContextBootstrapper - Neither @ContextConfiguration nor @ContextHierarchy found for test class [com.example.server.domain.service.MailServiceTest], using SpringBootContextLoader
13:31:49.671 [Test worker] DEBUG org.springframework.test.context.support.AbstractContextLoader - Did not detect default resource location for test class [com.example.server.domain.service.MailServiceTest]: class path resource [com/example/server/domain/service/MailServiceTest-context.xml] does not exist
13:31:49.671 [Test worker] DEBUG org.springframework.test.context.support.AbstractContextLoader - Did not detect default resource location for test class [com.example.server.domain.service.MailServiceTest]: class path resource [com/example/server/domain/service/MailServiceTestContext.groovy] does not exist
13:31:49.671 [Test worker] INFO org.springframework.test.context.support.AbstractContextLoader - Could not detect default resource locations for test class [com.example.server.domain.service.MailServiceTest]: no resource found for suffixes {-context.xml, Context.groovy}.
13:31:49.672 [Test worker] INFO org.springframework.test.context.support.AnnotationConfigContextLoaderUtils - Could not detect default configuration classes for test class [com.example.server.domain.service.MailServiceTest]: MailServiceTest does not declare any static, non-private, non-final, nested classes annotated with @Configuration.
13:31:49.718 [Test worker] DEBUG org.springframework.test.context.support.ActiveProfilesUtils - Could not find an 'annotation declaring class' for annotation type [org.springframework.test.context.ActiveProfiles] and class [com.example.server.domain.service.MailServiceTest]
13:31:49.783 [Test worker] DEBUG org.springframework.context.annotation.ClassPathScanningCandidateComponentProvider - Identified candidate component class: file [C:\Users\user\Desktop\workspace\OJT-project\build\classes\java\main\com\example\server\ServerApplication.class]
13:31:49.784 [Test worker] INFO org.springframework.boot.test.context.SpringBootTestContextBootstrapper - Found @SpringBootConfiguration com.example.server.ServerApplication for test class com.example.server.domain.service.MailServiceTest
13:31:49.876 [Test worker] DEBUG org.springframework.boot.test.context.SpringBootTestContextBootstrapper - @TestExecutionListeners is not present for class [com.example.server.domain.service.MailServiceTest]: using defaults.
13:31:49.877 [Test worker] INFO org.springframework.boot.test.context.SpringBootTestContextBootstrapper - Loaded default TestExecutionListener class names from location [META-INF/spring.factories]: [org.springframework.boot.test.autoconfigure.restdocs.RestDocsTestExecutionListener, org.springframework.boot.test.autoconfigure.web.client.MockRestServiceServerResetTestExecutionListener, org.springframework.boot.test.autoconfigure.web.servlet.MockMvcPrintOnlyOnFailureTestExecutionListener, org.springframework.boot.test.autoconfigure.web.servlet.WebDriverTestExecutionListener, org.springframework.boot.test.autoconfigure.webservices.client.MockWebServiceServerTestExecutionListener, org.springframework.boot.test.mock.mockito.MockitoTestExecutionListener, org.springframework.boot.test.mock.mockito.ResetMocksTestExecutionListener, org.springframework.test.context.web.ServletTestExecutionListener, org.springframework.test.context.support.DirtiesContextBeforeModesTestExecutionListener, org.springframework.test.context.event.ApplicationEventsTestExecutionListener, org.springframework.test.context.support.DependencyInjectionTestExecutionListener, org.springframework.test.context.support.DirtiesContextTestExecutionListener, org.springframework.test.context.transaction.TransactionalTestExecutionListener, org.springframework.test.context.jdbc.SqlScriptsTestExecutionListener, org.springframework.test.context.event.EventPublishingTestExecutionListener]
13:31:49.900 [Test worker] INFO org.springframework.boot.test.context.SpringBootTestContextBootstrapper - Using TestExecutionListeners: [org.springframework.test.context.web.ServletTestExecutionListener@43b4fe19, org.springframework.test.context.support.DirtiesContextBeforeModesTestExecutionListener@25ddbbbb, org.springframework.test.context.event.ApplicationEventsTestExecutionListener@1536602f, org.springframework.boot.test.mock.mockito.MockitoTestExecutionListener@4ebea12c, org.springframework.boot.test.autoconfigure.SpringBootDependencyInjectionTestExecutionListener@2a1edad4, org.springframework.test.context.support.DirtiesContextTestExecutionListener@6256ac4f, org.springframework.test.context.transaction.TransactionalTestExecutionListener@44c79f32, org.springframework.test.context.jdbc.SqlScriptsTestExecutionListener@7fcbe147, org.springframework.test.context.event.EventPublishingTestExecutionListener@235f4c10, org.springframework.boot.test.autoconfigure.restdocs.RestDocsTestExecutionListener@743cb8e0, org.springframework.boot.test.autoconfigure.web.client.MockRestServiceServerResetTestExecutionListener@c7a975a, org.springframework.boot.test.autoconfigure.web.servlet.MockMvcPrintOnlyOnFailureTestExecutionListener@2c1b9e4b, org.springframework.boot.test.autoconfigure.web.servlet.WebDriverTestExecutionListener@757d6814, org.springframework.boot.test.autoconfigure.webservices.client.MockWebServiceServerTestExecutionListener@649725e3, org.springframework.boot.test.mock.mockito.ResetMocksTestExecutionListener@3c0fae6c]
13:31:49.906 [Test worker] DEBUG org.springframework.test.context.support.AbstractDirtiesContextTestExecutionListener - Before test class: context [DefaultTestContext@165b8a71 testClass = MailServiceTest, testInstance = [null], testMethod = [null], testException = [null], mergedContextConfiguration = [WebMergedContextConfiguration@6175619b testClass = MailServiceTest, locations = '{}', classes = '{class com.example.server.ServerApplication}', contextInitializerClasses = '[]', activeProfiles = '{}', propertySourceLocations = '{}', propertySourceProperties = '{org.springframework.boot.test.context.SpringBootTestContextBootstrapper=true}', contextCustomizers = set[org.springframework.boot.test.autoconfigure.actuate.metrics.MetricsExportContextCustomizerFactory$DisableMetricExportContextCustomizer@561868a0, org.springframework.boot.test.autoconfigure.properties.PropertyMappingContextCustomizer@0, org.springframework.boot.test.autoconfigure.web.servlet.WebDriverContextCustomizerFactory$Customizer@3568f9d2, org.springframework.boot.test.context.filter.ExcludeFilterContextCustomizer@4b1d6571, org.springframework.boot.test.json.DuplicateJsonObjectContextCustomizerFactory$DuplicateJsonObjectContextCustomizer@4f25b795, org.springframework.boot.test.mock.mockito.MockitoContextCustomizer@0, org.springframework.boot.test.web.client.TestRestTemplateContextCustomizer@4fad9bb2, org.springframework.boot.test.context.SpringBootTestArgs@1, org.springframework.boot.test.context.SpringBootTestWebEnvironment@611889f4], resourceBasePath = 'src/main/webapp', contextLoader = 'org.springframework.boot.test.context.SpringBootContextLoader', parent = [null]], attributes = map['org.springframework.test.context.web.ServletTestExecutionListener.activateListener' -> true]], class annotated with @DirtiesContext [false] with mode [null].
13:31:49.942 [Test worker] DEBUG org.springframework.test.context.support.TestPropertySourceUtils - Adding inlined properties to environment: {spring.jmx.enabled=false, org.springframework.boot.test.context.SpringBootTestContextBootstrapper=true}
  __   __      _____    __  __      _____    - ______     _____    __ __      _     _      _____    __ __
 /_/\ /\_\   /\_____\ /\  /\  /\   /\___/\    / ____/\  /\_____\  /_/\__/\   /_/\ /\_\   /\_____\  /_/\__/\
 ) ) \ ( (  ( (_____/ \ \ \/ / /  / / _ \ \   ) ) __\/ ( (_____/  ) ) ) ) )  ) ) ) ( (  ( (_____/  ) ) ) ) )
/_/   \ \_\  \ \__\    \ \  / /   \ \(_)/ /    \ \ \    \ \__\   /_/ /_/_/  /_/ / \ \_\  \ \__\   /_/ /_/_/
\ \ \   / /  / /__/_   / /  \ \   / / _ \ \    _\ \ \   / /__/_  \ \ \ \ \  \ \ \_/ / /  / /__/_  \ \ \ \ \
 )_) \ (_(  ( (_____\ / / /\ \ \ ( (_( )_) )  )____) ) ( (_____\  )_) ) \ \  \ \   / /  ( (_____\  )_) ) \ \
 \_\/ \/_/   \/_____/ \/__\/__\/  \/_/ \_\/   \____\/   \/_____/  \_\/ \_\/   \_\_/_/    \/_____/  \_\/ \_\/

 
Powered by Spring Boot 2.5.6
2023-01-06 13:31:50.341  INFO 23192 --- [    Test worker] c.e.s.domain.service.MailServiceTest     : Starting MailServiceTest using Java 19.0.1 on PN-202204179-01 with PID 23192 (started by yong9753 in C:\Users\user\Desktop\workspace\OJT-project)
2023-01-06 13:31:50.342  INFO 23192 --- [    Test worker] c.e.s.domain.service.MailServiceTest     : The following profiles are active: common,test
2023-01-06 13:31:51.143  INFO 23192 --- [    Test worker] .s.d.r.c.RepositoryConfigurationDelegate : Bootstrapping Spring Data JPA repositories in DEFAULT mode.
2023-01-06 13:31:51.210  INFO 23192 --- [    Test worker] .s.d.r.c.RepositoryConfigurationDelegate : Finished Spring Data repository scanning in 58 ms. Found 2 JPA repository interfaces.
2023-01-06 13:31:51.830  INFO 23192 --- [    Test worker] o.hibernate.jpa.internal.util.LogHelper  : HHH000204: Processing PersistenceUnitInfo [name: default]
2023-01-06 13:31:51.920  INFO 23192 --- [    Test worker] org.hibernate.Version                    : HHH000412: Hibernate ORM core version 5.4.32.Final
2023-01-06 13:31:52.099  INFO 23192 --- [    Test worker] o.hibernate.annotations.common.Version   : HCANN000001: Hibernate Commons Annotations {5.1.2.Final}
2023-01-06 13:31:52.296  INFO 23192 --- [    Test worker] com.zaxxer.hikari.HikariDataSource       : HikariPool-1 - Starting...
2023-01-06 13:31:52.672  INFO 23192 --- [    Test worker] com.zaxxer.hikari.HikariDataSource       : HikariPool-1 - Start completed.
2023-01-06 13:31:52.690  INFO 23192 --- [    Test worker] org.hibernate.dialect.Dialect            : HHH000400: Using dialect: org.hibernate.dialect.H2Dialect
Hibernate: 
    
    drop table if exists member CASCADE 
Hibernate: 
    
    drop table if exists post CASCADE 
Hibernate: 
    
    create table member (
       member_id bigint generated by default as identity,
        biz_part varchar(255) not null,
        circle_id varchar(255) not null,
        employee_number bigint not null,
        name varchar(255) not null,
        partner_id bigint,
        password varchar(255) not null,
        position varchar(255) not null,
        team varchar(255) not null,
        primary key (member_id)
    )
Hibernate: 
    
    create table post (
       post_id bigint generated by default as identity,
        biz_part varchar(255) not null,
        buddy_name varchar(255) not null,
        buddy_position varchar(255) not null,
        buddy_task varchar(255) not null,
        content varchar(255),
        date timestamp not null,
        feedbacl varchar(255),
        feedback_complete varchar(1) not null,
        name varchar(255) not null,
        report varchar(255),
        submit varchar(1) not null,
        team varchar(255) not null,
        week integer not null,
        member_id bigint,
        primary key (post_id)
    )
Hibernate: 
    
    alter table post 
       add constraint FK83s99f4kx8oiqm3ro0sasmpww 
       foreign key (member_id) 
       references member
2023-01-06 13:31:53.485  INFO 23192 --- [    Test worker] o.h.e.t.j.p.i.JtaPlatformInitiator       : HHH000490: Using JtaPlatform implementation: [org.hibernate.engine.transaction.jta.platform.internal.NoJtaPlatform]
2023-01-06 13:31:53.497  INFO 23192 --- [    Test worker] j.LocalContainerEntityManagerFactoryBean : Initialized JPA EntityManagerFactory for persistence unit 'default'
2023-01-06 13:31:54.880  INFO 23192 --- [    Test worker] o.s.b.a.h2.H2ConsoleAutoConfiguration    : H2 console available at '/h2-console'. Database available at 'jdbc:h2:mem:test'
2023-01-06 13:31:55.244  INFO 23192 --- [    Test worker] c.e.s.domain.service.MailServiceTest     : Started MailServiceTest in 5.295 seconds (JVM running for 6.584)
]]></system-out>
  <system-err><![CDATA[]]></system-err>
</testsuite>
